                                 Started job on |	Jan 28 09:09:03
                             Started mapping on |	Jan 28 09:26:36
                                    Finished on |	Jan 28 09:48:13
       Mapping speed, Million of reads per hour |	188.82

                          Number of input reads |	68026190
                      Average input read length |	200
                                    UNIQUE READS:
                   Uniquely mapped reads number |	65793072
                        Uniquely mapped reads % |	96.72%
                          Average mapped length |	199.71
                       Number of splices: Total |	33000707
            Number of splices: Annotated (sjdb) |	32862372
                       Number of splices: GT/AG |	32767512
                       Number of splices: GC/AG |	198925
                       Number of splices: AT/AC |	18552
               Number of splices: Non-canonical |	15718
                      Mismatch rate per base, % |	0.22%
                         Deletion rate per base |	0.01%
                        Deletion average length |	1.87
                        Insertion rate per base |	0.01%
                       Insertion average length |	1.38
                             MULTI-MAPPING READS:
        Number of reads mapped to multiple loci |	2001584
             % of reads mapped to multiple loci |	2.94%
        Number of reads mapped to too many loci |	25221
             % of reads mapped to too many loci |	0.04%
                                  UNMAPPED READS:
  Number of reads unmapped: too many mismatches |	0
       % of reads unmapped: too many mismatches |	0.00%
            Number of reads unmapped: too short |	162105
                 % of reads unmapped: too short |	0.24%
                Number of reads unmapped: other |	44208
                     % of reads unmapped: other |	0.06%
                                  CHIMERIC READS:
                       Number of chimeric reads |	0
                            % of chimeric reads |	0.00%
