                                 Started job on |	Jan 27 19:58:03
                             Started mapping on |	Jan 27 20:09:38
                                    Finished on |	Jan 27 20:23:28
       Mapping speed, Million of reads per hour |	170.34

                          Number of input reads |	39272751
                      Average input read length |	200
                                    UNIQUE READS:
                   Uniquely mapped reads number |	37543371
                        Uniquely mapped reads % |	95.60%
                          Average mapped length |	199.34
                       Number of splices: Total |	22084004
            Number of splices: Annotated (sjdb) |	21981905
                       Number of splices: GT/AG |	21885931
                       Number of splices: GC/AG |	172189
                       Number of splices: AT/AC |	12256
               Number of splices: Non-canonical |	13628
                      Mismatch rate per base, % |	0.22%
                         Deletion rate per base |	0.01%
                        Deletion average length |	2.02
                        Insertion rate per base |	0.01%
                       Insertion average length |	1.34
                             MULTI-MAPPING READS:
        Number of reads mapped to multiple loci |	1394682
             % of reads mapped to multiple loci |	3.55%
        Number of reads mapped to too many loci |	11769
             % of reads mapped to too many loci |	0.03%
                                  UNMAPPED READS:
  Number of reads unmapped: too many mismatches |	0
       % of reads unmapped: too many mismatches |	0.00%
            Number of reads unmapped: too short |	305066
                 % of reads unmapped: too short |	0.78%
                Number of reads unmapped: other |	17863
                     % of reads unmapped: other |	0.05%
                                  CHIMERIC READS:
                       Number of chimeric reads |	0
                            % of chimeric reads |	0.00%
