                                 Started job on |	Jan 28 06:57:00
                             Started mapping on |	Jan 28 07:07:50
                                    Finished on |	Jan 28 07:18:40
       Mapping speed, Million of reads per hour |	186.88

                          Number of input reads |	33742728
                      Average input read length |	200
                                    UNIQUE READS:
                   Uniquely mapped reads number |	32601256
                        Uniquely mapped reads % |	96.62%
                          Average mapped length |	199.44
                       Number of splices: Total |	16692402
            Number of splices: Annotated (sjdb) |	16623424
                       Number of splices: GT/AG |	16541255
                       Number of splices: GC/AG |	132258
                       Number of splices: AT/AC |	9810
               Number of splices: Non-canonical |	9079
                      Mismatch rate per base, % |	0.21%
                         Deletion rate per base |	0.01%
                        Deletion average length |	1.95
                        Insertion rate per base |	0.01%
                       Insertion average length |	1.37
                             MULTI-MAPPING READS:
        Number of reads mapped to multiple loci |	838142
             % of reads mapped to multiple loci |	2.48%
        Number of reads mapped to too many loci |	8012
             % of reads mapped to too many loci |	0.02%
                                  UNMAPPED READS:
  Number of reads unmapped: too many mismatches |	0
       % of reads unmapped: too many mismatches |	0.00%
            Number of reads unmapped: too short |	283835
                 % of reads unmapped: too short |	0.84%
                Number of reads unmapped: other |	11483
                     % of reads unmapped: other |	0.03%
                                  CHIMERIC READS:
                       Number of chimeric reads |	0
                            % of chimeric reads |	0.00%
