                                 Started job on |	Jan 29 10:33:44
                             Started mapping on |	Jan 29 10:47:15
                                    Finished on |	Jan 29 11:03:19
       Mapping speed, Million of reads per hour |	190.27

                          Number of input reads |	50950772
                      Average input read length |	200
                                    UNIQUE READS:
                   Uniquely mapped reads number |	49177628
                        Uniquely mapped reads % |	96.52%
                          Average mapped length |	199.69
                       Number of splices: Total |	20985604
            Number of splices: Annotated (sjdb) |	20897149
                       Number of splices: GT/AG |	20821065
                       Number of splices: GC/AG |	140061
                       Number of splices: AT/AC |	13533
               Number of splices: Non-canonical |	10945
                      Mismatch rate per base, % |	0.17%
                         Deletion rate per base |	0.01%
                        Deletion average length |	1.83
                        Insertion rate per base |	0.01%
                       Insertion average length |	1.33
                             MULTI-MAPPING READS:
        Number of reads mapped to multiple loci |	1532741
             % of reads mapped to multiple loci |	3.01%
        Number of reads mapped to too many loci |	14534
             % of reads mapped to too many loci |	0.03%
                                  UNMAPPED READS:
  Number of reads unmapped: too many mismatches |	0
       % of reads unmapped: too many mismatches |	0.00%
            Number of reads unmapped: too short |	199900
                 % of reads unmapped: too short |	0.39%
                Number of reads unmapped: other |	25969
                     % of reads unmapped: other |	0.05%
                                  CHIMERIC READS:
                       Number of chimeric reads |	0
                            % of chimeric reads |	0.00%
