                                 Started job on |	Jan 27 23:33:06
                             Started mapping on |	Jan 27 23:48:07
                                    Finished on |	Jan 28 00:06:06
       Mapping speed, Million of reads per hour |	177.37

                          Number of input reads |	53161501
                      Average input read length |	200
                                    UNIQUE READS:
                   Uniquely mapped reads number |	51331685
                        Uniquely mapped reads % |	96.56%
                          Average mapped length |	199.67
                       Number of splices: Total |	28858094
            Number of splices: Annotated (sjdb) |	28729897
                       Number of splices: GT/AG |	28652670
                       Number of splices: GC/AG |	177064
                       Number of splices: AT/AC |	15713
               Number of splices: Non-canonical |	12647
                      Mismatch rate per base, % |	0.23%
                         Deletion rate per base |	0.01%
                        Deletion average length |	1.88
                        Insertion rate per base |	0.01%
                       Insertion average length |	1.36
                             MULTI-MAPPING READS:
        Number of reads mapped to multiple loci |	1678875
             % of reads mapped to multiple loci |	3.16%
        Number of reads mapped to too many loci |	20476
             % of reads mapped to too many loci |	0.04%
                                  UNMAPPED READS:
  Number of reads unmapped: too many mismatches |	0
       % of reads unmapped: too many mismatches |	0.00%
            Number of reads unmapped: too short |	93720
                 % of reads unmapped: too short |	0.18%
                Number of reads unmapped: other |	36745
                     % of reads unmapped: other |	0.07%
                                  CHIMERIC READS:
                       Number of chimeric reads |	0
                            % of chimeric reads |	0.00%
