                                 Started job on |	Jan 28 04:26:09
                             Started mapping on |	Jan 28 04:35:51
                                    Finished on |	Jan 28 04:46:58
       Mapping speed, Million of reads per hour |	152.11

                          Number of input reads |	28181772
                      Average input read length |	200
                                    UNIQUE READS:
                   Uniquely mapped reads number |	26720470
                        Uniquely mapped reads % |	94.81%
                          Average mapped length |	199.31
                       Number of splices: Total |	14749077
            Number of splices: Annotated (sjdb) |	14685841
                       Number of splices: GT/AG |	14623911
                       Number of splices: GC/AG |	108925
                       Number of splices: AT/AC |	8064
               Number of splices: Non-canonical |	8177
                      Mismatch rate per base, % |	0.25%
                         Deletion rate per base |	0.01%
                        Deletion average length |	1.92
                        Insertion rate per base |	0.01%
                       Insertion average length |	1.35
                             MULTI-MAPPING READS:
        Number of reads mapped to multiple loci |	1248382
             % of reads mapped to multiple loci |	4.43%
        Number of reads mapped to too many loci |	9311
             % of reads mapped to too many loci |	0.03%
                                  UNMAPPED READS:
  Number of reads unmapped: too many mismatches |	0
       % of reads unmapped: too many mismatches |	0.00%
            Number of reads unmapped: too short |	185654
                 % of reads unmapped: too short |	0.66%
                Number of reads unmapped: other |	17955
                     % of reads unmapped: other |	0.06%
                                  CHIMERIC READS:
                       Number of chimeric reads |	0
                            % of chimeric reads |	0.00%
