                                 Started job on |	Jan 28 07:51:17
                             Started mapping on |	Jan 28 08:04:53
                                    Finished on |	Jan 28 08:20:42
       Mapping speed, Million of reads per hour |	187.70

                          Number of input reads |	49480779
                      Average input read length |	200
                                    UNIQUE READS:
                   Uniquely mapped reads number |	47789491
                        Uniquely mapped reads % |	96.58%
                          Average mapped length |	199.70
                       Number of splices: Total |	22290385
            Number of splices: Annotated (sjdb) |	22192958
                       Number of splices: GT/AG |	22080190
                       Number of splices: GC/AG |	176237
                       Number of splices: AT/AC |	24056
               Number of splices: Non-canonical |	9902
                      Mismatch rate per base, % |	0.25%
                         Deletion rate per base |	0.01%
                        Deletion average length |	1.66
                        Insertion rate per base |	0.01%
                       Insertion average length |	1.31
                             MULTI-MAPPING READS:
        Number of reads mapped to multiple loci |	1545077
             % of reads mapped to multiple loci |	3.12%
        Number of reads mapped to too many loci |	12443
             % of reads mapped to too many loci |	0.03%
                                  UNMAPPED READS:
  Number of reads unmapped: too many mismatches |	0
       % of reads unmapped: too many mismatches |	0.00%
            Number of reads unmapped: too short |	109246
                 % of reads unmapped: too short |	0.22%
                Number of reads unmapped: other |	24522
                     % of reads unmapped: other |	0.05%
                                  CHIMERIC READS:
                       Number of chimeric reads |	0
                            % of chimeric reads |	0.00%
