                                 Started job on |	Jan 29 07:25:57
                             Started mapping on |	Jan 29 07:37:32
                                    Finished on |	Jan 29 07:49:48
       Mapping speed, Million of reads per hour |	199.24

                          Number of input reads |	40734254
                      Average input read length |	200
                                    UNIQUE READS:
                   Uniquely mapped reads number |	39080865
                        Uniquely mapped reads % |	95.94%
                          Average mapped length |	199.71
                       Number of splices: Total |	12410376
            Number of splices: Annotated (sjdb) |	12363642
                       Number of splices: GT/AG |	12315975
                       Number of splices: GC/AG |	80709
                       Number of splices: AT/AC |	7432
               Number of splices: Non-canonical |	6260
                      Mismatch rate per base, % |	0.19%
                         Deletion rate per base |	0.01%
                        Deletion average length |	1.89
                        Insertion rate per base |	0.02%
                       Insertion average length |	1.35
                             MULTI-MAPPING READS:
        Number of reads mapped to multiple loci |	1497805
             % of reads mapped to multiple loci |	3.68%
        Number of reads mapped to too many loci |	15164
             % of reads mapped to too many loci |	0.04%
                                  UNMAPPED READS:
  Number of reads unmapped: too many mismatches |	0
       % of reads unmapped: too many mismatches |	0.00%
            Number of reads unmapped: too short |	118258
                 % of reads unmapped: too short |	0.29%
                Number of reads unmapped: other |	22162
                     % of reads unmapped: other |	0.05%
                                  CHIMERIC READS:
                       Number of chimeric reads |	0
                            % of chimeric reads |	0.00%
