                                 Started job on |	Jan 27 22:17:41
                             Started mapping on |	Jan 27 22:31:53
                                    Finished on |	Jan 27 22:48:16
       Mapping speed, Million of reads per hour |	176.46

                          Number of input reads |	48184702
                      Average input read length |	200
                                    UNIQUE READS:
                   Uniquely mapped reads number |	46680634
                        Uniquely mapped reads % |	96.88%
                          Average mapped length |	199.67
                       Number of splices: Total |	23292000
            Number of splices: Annotated (sjdb) |	23201198
                       Number of splices: GT/AG |	23117769
                       Number of splices: GC/AG |	149786
                       Number of splices: AT/AC |	12666
               Number of splices: Non-canonical |	11779
                      Mismatch rate per base, % |	0.25%
                         Deletion rate per base |	0.01%
                        Deletion average length |	1.89
                        Insertion rate per base |	0.01%
                       Insertion average length |	1.40
                             MULTI-MAPPING READS:
        Number of reads mapped to multiple loci |	1352421
             % of reads mapped to multiple loci |	2.81%
        Number of reads mapped to too many loci |	19212
             % of reads mapped to too many loci |	0.04%
                                  UNMAPPED READS:
  Number of reads unmapped: too many mismatches |	0
       % of reads unmapped: too many mismatches |	0.00%
            Number of reads unmapped: too short |	104883
                 % of reads unmapped: too short |	0.22%
                Number of reads unmapped: other |	27552
                     % of reads unmapped: other |	0.06%
                                  CHIMERIC READS:
                       Number of chimeric reads |	0
                            % of chimeric reads |	0.00%
