                                 Started job on |	Jan 28 02:30:05
                             Started mapping on |	Jan 28 02:45:43
                                    Finished on |	Jan 28 03:04:35
       Mapping speed, Million of reads per hour |	175.34

                          Number of input reads |	55133946
                      Average input read length |	200
                                    UNIQUE READS:
                   Uniquely mapped reads number |	53306293
                        Uniquely mapped reads % |	96.69%
                          Average mapped length |	199.67
                       Number of splices: Total |	28217611
            Number of splices: Annotated (sjdb) |	28100422
                       Number of splices: GT/AG |	28020626
                       Number of splices: GC/AG |	167666
                       Number of splices: AT/AC |	15288
               Number of splices: Non-canonical |	14031
                      Mismatch rate per base, % |	0.24%
                         Deletion rate per base |	0.01%
                        Deletion average length |	1.86
                        Insertion rate per base |	0.01%
                       Insertion average length |	1.38
                             MULTI-MAPPING READS:
        Number of reads mapped to multiple loci |	1646960
             % of reads mapped to multiple loci |	2.99%
        Number of reads mapped to too many loci |	19948
             % of reads mapped to too many loci |	0.04%
                                  UNMAPPED READS:
  Number of reads unmapped: too many mismatches |	0
       % of reads unmapped: too many mismatches |	0.00%
            Number of reads unmapped: too short |	129153
                 % of reads unmapped: too short |	0.23%
                Number of reads unmapped: other |	31592
                     % of reads unmapped: other |	0.06%
                                  CHIMERIC READS:
                       Number of chimeric reads |	0
                            % of chimeric reads |	0.00%
