                                 Started job on |	Jan 28 05:17:46
                             Started mapping on |	Jan 28 05:35:43
                                    Finished on |	Jan 28 05:58:20
       Mapping speed, Million of reads per hour |	183.79

                          Number of input reads |	69278357
                      Average input read length |	200
                                    UNIQUE READS:
                   Uniquely mapped reads number |	67166770
                        Uniquely mapped reads % |	96.95%
                          Average mapped length |	199.64
                       Number of splices: Total |	33715022
            Number of splices: Annotated (sjdb) |	33572538
                       Number of splices: GT/AG |	33473058
                       Number of splices: GC/AG |	205856
                       Number of splices: AT/AC |	19456
               Number of splices: Non-canonical |	16652
                      Mismatch rate per base, % |	0.28%
                         Deletion rate per base |	0.01%
                        Deletion average length |	1.84
                        Insertion rate per base |	0.01%
                       Insertion average length |	1.36
                             MULTI-MAPPING READS:
        Number of reads mapped to multiple loci |	1938387
             % of reads mapped to multiple loci |	2.80%
        Number of reads mapped to too many loci |	20477
             % of reads mapped to too many loci |	0.03%
                                  UNMAPPED READS:
  Number of reads unmapped: too many mismatches |	0
       % of reads unmapped: too many mismatches |	0.00%
            Number of reads unmapped: too short |	115269
                 % of reads unmapped: too short |	0.17%
                Number of reads unmapped: other |	37454
                     % of reads unmapped: other |	0.05%
                                  CHIMERIC READS:
                       Number of chimeric reads |	0
                            % of chimeric reads |	0.00%
