                                 Started job on |	Jan 28 00:56:32
                             Started mapping on |	Jan 28 01:13:12
                                    Finished on |	Jan 28 01:33:18
       Mapping speed, Million of reads per hour |	184.84

                          Number of input reads |	61922935
                      Average input read length |	200
                                    UNIQUE READS:
                   Uniquely mapped reads number |	60053784
                        Uniquely mapped reads % |	96.98%
                          Average mapped length |	199.66
                       Number of splices: Total |	28594860
            Number of splices: Annotated (sjdb) |	28475162
                       Number of splices: GT/AG |	28386105
                       Number of splices: GC/AG |	176360
                       Number of splices: AT/AC |	16900
               Number of splices: Non-canonical |	15495
                      Mismatch rate per base, % |	0.25%
                         Deletion rate per base |	0.01%
                        Deletion average length |	1.85
                        Insertion rate per base |	0.01%
                       Insertion average length |	1.36
                             MULTI-MAPPING READS:
        Number of reads mapped to multiple loci |	1689600
             % of reads mapped to multiple loci |	2.73%
        Number of reads mapped to too many loci |	21965
             % of reads mapped to too many loci |	0.04%
                                  UNMAPPED READS:
  Number of reads unmapped: too many mismatches |	0
       % of reads unmapped: too many mismatches |	0.00%
            Number of reads unmapped: too short |	122592
                 % of reads unmapped: too short |	0.20%
                Number of reads unmapped: other |	34994
                     % of reads unmapped: other |	0.06%
                                  CHIMERIC READS:
                       Number of chimeric reads |	0
                            % of chimeric reads |	0.00%
