                                 Started job on |	Jan 27 21:17:10
                             Started mapping on |	Jan 27 21:28:57
                                    Finished on |	Jan 27 21:43:04
       Mapping speed, Million of reads per hour |	161.78

                          Number of input reads |	38063721
                      Average input read length |	200
                                    UNIQUE READS:
                   Uniquely mapped reads number |	36276001
                        Uniquely mapped reads % |	95.30%
                          Average mapped length |	199.39
                       Number of splices: Total |	16130111
            Number of splices: Annotated (sjdb) |	16062360
                       Number of splices: GT/AG |	15959141
                       Number of splices: GC/AG |	152617
                       Number of splices: AT/AC |	9772
               Number of splices: Non-canonical |	8581
                      Mismatch rate per base, % |	0.30%
                         Deletion rate per base |	0.01%
                        Deletion average length |	1.97
                        Insertion rate per base |	0.01%
                       Insertion average length |	1.33
                             MULTI-MAPPING READS:
        Number of reads mapped to multiple loci |	1523421
             % of reads mapped to multiple loci |	4.00%
        Number of reads mapped to too many loci |	10409
             % of reads mapped to too many loci |	0.03%
                                  UNMAPPED READS:
  Number of reads unmapped: too many mismatches |	0
       % of reads unmapped: too many mismatches |	0.00%
            Number of reads unmapped: too short |	235287
                 % of reads unmapped: too short |	0.62%
                Number of reads unmapped: other |	18603
                     % of reads unmapped: other |	0.05%
                                  CHIMERIC READS:
                       Number of chimeric reads |	0
                            % of chimeric reads |	0.00%
