                                 Started job on |	Jan 29 08:26:31
                             Started mapping on |	Jan 29 08:38:23
                                    Finished on |	Jan 29 08:50:34
       Mapping speed, Million of reads per hour |	195.73

                          Number of input reads |	39743394
                      Average input read length |	200
                                    UNIQUE READS:
                   Uniquely mapped reads number |	38197887
                        Uniquely mapped reads % |	96.11%
                          Average mapped length |	199.72
                       Number of splices: Total |	13412502
            Number of splices: Annotated (sjdb) |	13366629
                       Number of splices: GT/AG |	13283822
                       Number of splices: GC/AG |	111963
                       Number of splices: AT/AC |	10376
               Number of splices: Non-canonical |	6341
                      Mismatch rate per base, % |	0.23%
                         Deletion rate per base |	0.01%
                        Deletion average length |	1.85
                        Insertion rate per base |	0.01%
                       Insertion average length |	1.35
                             MULTI-MAPPING READS:
        Number of reads mapped to multiple loci |	1416464
             % of reads mapped to multiple loci |	3.56%
        Number of reads mapped to too many loci |	12323
             % of reads mapped to too many loci |	0.03%
                                  UNMAPPED READS:
  Number of reads unmapped: too many mismatches |	0
       % of reads unmapped: too many mismatches |	0.00%
            Number of reads unmapped: too short |	96992
                 % of reads unmapped: too short |	0.24%
                Number of reads unmapped: other |	19728
                     % of reads unmapped: other |	0.05%
                                  CHIMERIC READS:
                       Number of chimeric reads |	0
                            % of chimeric reads |	0.00%
