                                 Started job on |	Jan 28 03:51:53
                             Started mapping on |	Jan 28 03:59:47
                                    Finished on |	Jan 28 04:06:46
       Mapping speed, Million of reads per hour |	184.30

                          Number of input reads |	21450348
                      Average input read length |	200
                                    UNIQUE READS:
                   Uniquely mapped reads number |	20008850
                        Uniquely mapped reads % |	93.28%
                          Average mapped length |	199.71
                       Number of splices: Total |	4558839
            Number of splices: Annotated (sjdb) |	4544741
                       Number of splices: GT/AG |	4498100
                       Number of splices: GC/AG |	52334
                       Number of splices: AT/AC |	6456
               Number of splices: Non-canonical |	1949
                      Mismatch rate per base, % |	0.26%
                         Deletion rate per base |	0.00%
                        Deletion average length |	1.71
                        Insertion rate per base |	0.01%
                       Insertion average length |	1.27
                             MULTI-MAPPING READS:
        Number of reads mapped to multiple loci |	1394939
             % of reads mapped to multiple loci |	6.50%
        Number of reads mapped to too many loci |	2810
             % of reads mapped to too many loci |	0.01%
                                  UNMAPPED READS:
  Number of reads unmapped: too many mismatches |	0
       % of reads unmapped: too many mismatches |	0.00%
            Number of reads unmapped: too short |	35978
                 % of reads unmapped: too short |	0.17%
                Number of reads unmapped: other |	7771
                     % of reads unmapped: other |	0.04%
                                  CHIMERIC READS:
                       Number of chimeric reads |	0
                            % of chimeric reads |	0.00%
